<?xml version="1.0" encoding="UTF-8"?>
<testsuite name="Registrar un nuevo usuario en la aplicación" tests="7" skipped="0" failures="7" errors="0" timestamp="2025-06-27T22:45:34.184Z" hostname="LAPTOP-SRN9UVTB" time="0.952">
  <properties/>
  <testcase name="Registro exitoso de un nuevo usuario" classname="Registrar un nuevo usuario en la aplicación" time="0.451">
    <failure message="io.cucumber.junit.UndefinedStepException: The step 'Estoy en la pagina de registro' and 3 other step(s) are undefined.&#10;You can implement these steps using the snippet(s) below:&#10;&#10;@Given(&quot;Estoy en la pagina de registro&quot;)&#10;public void estoyEnLaPaginaDeRegistro() {&#10;    // Write code here that turns the phrase above into concrete actions&#10;    throw new io.cucumber.java.PendingException();&#10;}&#10;@When(&quot;Ingreso mis datos de usuario válidos&quot;)&#10;public void ingresoMisDatosDeUsuarioVálidos() {&#10;    // Write code here that turns the phrase above into concrete actions&#10;    throw new io.cucumber.java.PendingException();&#10;}&#10;@When(&quot;envio el formulario&quot;)&#10;public void envioElFormulario() {&#10;    // Write code here that turns the phrase above into concrete actions&#10;    throw new io.cucumber.java.PendingException();&#10;}&#10;@Then(&quot;debo ver un mensaje {string}&quot;)&#10;public void deboVerUnMensaje(String string) {&#10;    // Write code here that turns the phrase above into concrete actions&#10;    throw new io.cucumber.java.PendingException();&#10;}&#10;" type="io.cucumber.junit.UndefinedStepException">io.cucumber.junit.UndefinedStepException: The step 'Estoy en la pagina de registro' and 3 other step(s) are undefined.
You can implement these steps using the snippet(s) below:

@Given(&quot;Estoy en la pagina de registro&quot;)
public void estoyEnLaPaginaDeRegistro() {
    // Write code here that turns the phrase above into concrete actions
    throw new io.cucumber.java.PendingException();
}
@When(&quot;Ingreso mis datos de usuario válidos&quot;)
public void ingresoMisDatosDeUsuarioVálidos() {
    // Write code here that turns the phrase above into concrete actions
    throw new io.cucumber.java.PendingException();
}
@When(&quot;envio el formulario&quot;)
public void envioElFormulario() {
    // Write code here that turns the phrase above into concrete actions
    throw new io.cucumber.java.PendingException();
}
@Then(&quot;debo ver un mensaje {string}&quot;)
public void deboVerUnMensaje(String string) {
    // Write code here that turns the phrase above into concrete actions
    throw new io.cucumber.java.PendingException();
}

</failure>
  </testcase>
  <testcase name="Registro fallido por correo electrónico ya registrado" classname="Registrar un nuevo usuario en la aplicación" time="0.111">
    <failure message="io.cucumber.junit.UndefinedStepException: The step 'Estoy en la pagina de registro' and 3 other step(s) are undefined.&#10;You can implement these steps using the snippet(s) below:&#10;&#10;@Given(&quot;Estoy en la pagina de registro&quot;)&#10;public void estoyEnLaPaginaDeRegistro() {&#10;    // Write code here that turns the phrase above into concrete actions&#10;    throw new io.cucumber.java.PendingException();&#10;}&#10;@When(&quot;Ingreso un correo electrónico ya registrado&quot;)&#10;public void ingresoUnCorreoElectrónicoYaRegistrado() {&#10;    // Write code here that turns the phrase above into concrete actions&#10;    throw new io.cucumber.java.PendingException();&#10;}&#10;@When(&quot;envio el formulario&quot;)&#10;public void envioElFormulario() {&#10;    // Write code here that turns the phrase above into concrete actions&#10;    throw new io.cucumber.java.PendingException();&#10;}&#10;@Then(&quot;debo ver un mensaje {string}&quot;)&#10;public void deboVerUnMensaje(String string) {&#10;    // Write code here that turns the phrase above into concrete actions&#10;    throw new io.cucumber.java.PendingException();&#10;}&#10;" type="io.cucumber.junit.UndefinedStepException">io.cucumber.junit.UndefinedStepException: The step 'Estoy en la pagina de registro' and 3 other step(s) are undefined.
You can implement these steps using the snippet(s) below:

@Given(&quot;Estoy en la pagina de registro&quot;)
public void estoyEnLaPaginaDeRegistro() {
    // Write code here that turns the phrase above into concrete actions
    throw new io.cucumber.java.PendingException();
}
@When(&quot;Ingreso un correo electrónico ya registrado&quot;)
public void ingresoUnCorreoElectrónicoYaRegistrado() {
    // Write code here that turns the phrase above into concrete actions
    throw new io.cucumber.java.PendingException();
}
@When(&quot;envio el formulario&quot;)
public void envioElFormulario() {
    // Write code here that turns the phrase above into concrete actions
    throw new io.cucumber.java.PendingException();
}
@Then(&quot;debo ver un mensaje {string}&quot;)
public void deboVerUnMensaje(String string) {
    // Write code here that turns the phrase above into concrete actions
    throw new io.cucumber.java.PendingException();
}

</failure>
  </testcase>
  <testcase name="Validacion de contraseñas diferentes" classname="Registrar un nuevo usuario en la aplicación" time="0.065">
    <failure message="io.cucumber.junit.UndefinedStepException: The step 'Estoy en la pagina de registro' and 3 other step(s) are undefined.&#10;You can implement these steps using the snippet(s) below:&#10;&#10;@Given(&quot;Estoy en la pagina de registro&quot;)&#10;public void estoyEnLaPaginaDeRegistro() {&#10;    // Write code here that turns the phrase above into concrete actions&#10;    throw new io.cucumber.java.PendingException();&#10;}&#10;@When(&quot;Ingreso una contraseña&quot;)&#10;public void ingresoUnaContraseña() {&#10;    // Write code here that turns the phrase above into concrete actions&#10;    throw new io.cucumber.java.PendingException();&#10;}&#10;@When(&quot;ingreso una confirmación de contraseña diferente&quot;)&#10;public void ingresoUnaConfirmaciónDeContraseñaDiferente() {&#10;    // Write code here that turns the phrase above into concrete actions&#10;    throw new io.cucumber.java.PendingException();&#10;}&#10;@Then(&quot;debo ver un mensaje {string}&quot;)&#10;public void deboVerUnMensaje(String string) {&#10;    // Write code here that turns the phrase above into concrete actions&#10;    throw new io.cucumber.java.PendingException();&#10;}&#10;" type="io.cucumber.junit.UndefinedStepException">io.cucumber.junit.UndefinedStepException: The step 'Estoy en la pagina de registro' and 3 other step(s) are undefined.
You can implement these steps using the snippet(s) below:

@Given(&quot;Estoy en la pagina de registro&quot;)
public void estoyEnLaPaginaDeRegistro() {
    // Write code here that turns the phrase above into concrete actions
    throw new io.cucumber.java.PendingException();
}
@When(&quot;Ingreso una contraseña&quot;)
public void ingresoUnaContraseña() {
    // Write code here that turns the phrase above into concrete actions
    throw new io.cucumber.java.PendingException();
}
@When(&quot;ingreso una confirmación de contraseña diferente&quot;)
public void ingresoUnaConfirmaciónDeContraseñaDiferente() {
    // Write code here that turns the phrase above into concrete actions
    throw new io.cucumber.java.PendingException();
}
@Then(&quot;debo ver un mensaje {string}&quot;)
public void deboVerUnMensaje(String string) {
    // Write code here that turns the phrase above into concrete actions
    throw new io.cucumber.java.PendingException();
}

</failure>
  </testcase>
  <testcase name="Validacion de reglas de contraseña #1" classname="Registrar un nuevo usuario en la aplicación" time="0.089">
    <failure message="io.cucumber.junit.UndefinedStepException: The step 'Estoy en la pagina de registro' and 4 other step(s) are undefined.&#10;You can implement these steps using the snippet(s) below:&#10;&#10;@Given(&quot;Estoy en la pagina de registro&quot;)&#10;public void estoyEnLaPaginaDeRegistro() {&#10;    // Write code here that turns the phrase above into concrete actions&#10;    throw new io.cucumber.java.PendingException();&#10;}&#10;@When(&quot;Ingreso una contraseña {string}&quot;)&#10;public void ingresoUnaContraseña(String string) {&#10;    // Write code here that turns the phrase above into concrete actions&#10;    throw new io.cucumber.java.PendingException();&#10;}&#10;@When(&quot;ingreso el mismo valor en la confirmación de contraseña&quot;)&#10;public void ingresoElMismoValorEnLaConfirmaciónDeContraseña() {&#10;    // Write code here that turns the phrase above into concrete actions&#10;    throw new io.cucumber.java.PendingException();&#10;}&#10;@When(&quot;envio el formulario&quot;)&#10;public void envioElFormulario() {&#10;    // Write code here that turns the phrase above into concrete actions&#10;    throw new io.cucumber.java.PendingException();&#10;}&#10;@Then(&quot;debo ver un mensaje {string}&quot;)&#10;public void deboVerUnMensaje(String string) {&#10;    // Write code here that turns the phrase above into concrete actions&#10;    throw new io.cucumber.java.PendingException();&#10;}&#10;" type="io.cucumber.junit.UndefinedStepException">io.cucumber.junit.UndefinedStepException: The step 'Estoy en la pagina de registro' and 4 other step(s) are undefined.
You can implement these steps using the snippet(s) below:

@Given(&quot;Estoy en la pagina de registro&quot;)
public void estoyEnLaPaginaDeRegistro() {
    // Write code here that turns the phrase above into concrete actions
    throw new io.cucumber.java.PendingException();
}
@When(&quot;Ingreso una contraseña {string}&quot;)
public void ingresoUnaContraseña(String string) {
    // Write code here that turns the phrase above into concrete actions
    throw new io.cucumber.java.PendingException();
}
@When(&quot;ingreso el mismo valor en la confirmación de contraseña&quot;)
public void ingresoElMismoValorEnLaConfirmaciónDeContraseña() {
    // Write code here that turns the phrase above into concrete actions
    throw new io.cucumber.java.PendingException();
}
@When(&quot;envio el formulario&quot;)
public void envioElFormulario() {
    // Write code here that turns the phrase above into concrete actions
    throw new io.cucumber.java.PendingException();
}
@Then(&quot;debo ver un mensaje {string}&quot;)
public void deboVerUnMensaje(String string) {
    // Write code here that turns the phrase above into concrete actions
    throw new io.cucumber.java.PendingException();
}

</failure>
  </testcase>
  <testcase name="Validacion de reglas de contraseña #2" classname="Registrar un nuevo usuario en la aplicación" time="0.081">
    <failure message="io.cucumber.junit.UndefinedStepException: The step 'Estoy en la pagina de registro' and 4 other step(s) are undefined.&#10;You can implement these steps using the snippet(s) below:&#10;&#10;@Given(&quot;Estoy en la pagina de registro&quot;)&#10;public void estoyEnLaPaginaDeRegistro() {&#10;    // Write code here that turns the phrase above into concrete actions&#10;    throw new io.cucumber.java.PendingException();&#10;}&#10;@When(&quot;Ingreso una contraseña {string}&quot;)&#10;public void ingresoUnaContraseña(String string) {&#10;    // Write code here that turns the phrase above into concrete actions&#10;    throw new io.cucumber.java.PendingException();&#10;}&#10;@When(&quot;ingreso el mismo valor en la confirmación de contraseña&quot;)&#10;public void ingresoElMismoValorEnLaConfirmaciónDeContraseña() {&#10;    // Write code here that turns the phrase above into concrete actions&#10;    throw new io.cucumber.java.PendingException();&#10;}&#10;@When(&quot;envio el formulario&quot;)&#10;public void envioElFormulario() {&#10;    // Write code here that turns the phrase above into concrete actions&#10;    throw new io.cucumber.java.PendingException();&#10;}&#10;@Then(&quot;debo ver un mensaje {string}&quot;)&#10;public void deboVerUnMensaje(String string) {&#10;    // Write code here that turns the phrase above into concrete actions&#10;    throw new io.cucumber.java.PendingException();&#10;}&#10;" type="io.cucumber.junit.UndefinedStepException">io.cucumber.junit.UndefinedStepException: The step 'Estoy en la pagina de registro' and 4 other step(s) are undefined.
You can implement these steps using the snippet(s) below:

@Given(&quot;Estoy en la pagina de registro&quot;)
public void estoyEnLaPaginaDeRegistro() {
    // Write code here that turns the phrase above into concrete actions
    throw new io.cucumber.java.PendingException();
}
@When(&quot;Ingreso una contraseña {string}&quot;)
public void ingresoUnaContraseña(String string) {
    // Write code here that turns the phrase above into concrete actions
    throw new io.cucumber.java.PendingException();
}
@When(&quot;ingreso el mismo valor en la confirmación de contraseña&quot;)
public void ingresoElMismoValorEnLaConfirmaciónDeContraseña() {
    // Write code here that turns the phrase above into concrete actions
    throw new io.cucumber.java.PendingException();
}
@When(&quot;envio el formulario&quot;)
public void envioElFormulario() {
    // Write code here that turns the phrase above into concrete actions
    throw new io.cucumber.java.PendingException();
}
@Then(&quot;debo ver un mensaje {string}&quot;)
public void deboVerUnMensaje(String string) {
    // Write code here that turns the phrase above into concrete actions
    throw new io.cucumber.java.PendingException();
}

</failure>
  </testcase>
  <testcase name="Validacion de reglas de contraseña #3" classname="Registrar un nuevo usuario en la aplicación" time="0.065">
    <failure message="io.cucumber.junit.UndefinedStepException: The step 'Estoy en la pagina de registro' and 4 other step(s) are undefined.&#10;You can implement these steps using the snippet(s) below:&#10;&#10;@Given(&quot;Estoy en la pagina de registro&quot;)&#10;public void estoyEnLaPaginaDeRegistro() {&#10;    // Write code here that turns the phrase above into concrete actions&#10;    throw new io.cucumber.java.PendingException();&#10;}&#10;@When(&quot;Ingreso una contraseña {string}&quot;)&#10;public void ingresoUnaContraseña(String string) {&#10;    // Write code here that turns the phrase above into concrete actions&#10;    throw new io.cucumber.java.PendingException();&#10;}&#10;@When(&quot;ingreso el mismo valor en la confirmación de contraseña&quot;)&#10;public void ingresoElMismoValorEnLaConfirmaciónDeContraseña() {&#10;    // Write code here that turns the phrase above into concrete actions&#10;    throw new io.cucumber.java.PendingException();&#10;}&#10;@When(&quot;envio el formulario&quot;)&#10;public void envioElFormulario() {&#10;    // Write code here that turns the phrase above into concrete actions&#10;    throw new io.cucumber.java.PendingException();&#10;}&#10;@Then(&quot;debo ver un mensaje {string}&quot;)&#10;public void deboVerUnMensaje(String string) {&#10;    // Write code here that turns the phrase above into concrete actions&#10;    throw new io.cucumber.java.PendingException();&#10;}&#10;" type="io.cucumber.junit.UndefinedStepException">io.cucumber.junit.UndefinedStepException: The step 'Estoy en la pagina de registro' and 4 other step(s) are undefined.
You can implement these steps using the snippet(s) below:

@Given(&quot;Estoy en la pagina de registro&quot;)
public void estoyEnLaPaginaDeRegistro() {
    // Write code here that turns the phrase above into concrete actions
    throw new io.cucumber.java.PendingException();
}
@When(&quot;Ingreso una contraseña {string}&quot;)
public void ingresoUnaContraseña(String string) {
    // Write code here that turns the phrase above into concrete actions
    throw new io.cucumber.java.PendingException();
}
@When(&quot;ingreso el mismo valor en la confirmación de contraseña&quot;)
public void ingresoElMismoValorEnLaConfirmaciónDeContraseña() {
    // Write code here that turns the phrase above into concrete actions
    throw new io.cucumber.java.PendingException();
}
@When(&quot;envio el formulario&quot;)
public void envioElFormulario() {
    // Write code here that turns the phrase above into concrete actions
    throw new io.cucumber.java.PendingException();
}
@Then(&quot;debo ver un mensaje {string}&quot;)
public void deboVerUnMensaje(String string) {
    // Write code here that turns the phrase above into concrete actions
    throw new io.cucumber.java.PendingException();
}

</failure>
  </testcase>
  <testcase name="Validacion de reglas de contraseña #4" classname="Registrar un nuevo usuario en la aplicación" time="0.085">
    <failure message="io.cucumber.junit.UndefinedStepException: The step 'Estoy en la pagina de registro' and 4 other step(s) are undefined.&#10;You can implement these steps using the snippet(s) below:&#10;&#10;@Given(&quot;Estoy en la pagina de registro&quot;)&#10;public void estoyEnLaPaginaDeRegistro() {&#10;    // Write code here that turns the phrase above into concrete actions&#10;    throw new io.cucumber.java.PendingException();&#10;}&#10;@When(&quot;Ingreso una contraseña {string}&quot;)&#10;public void ingresoUnaContraseña(String string) {&#10;    // Write code here that turns the phrase above into concrete actions&#10;    throw new io.cucumber.java.PendingException();&#10;}&#10;@When(&quot;ingreso el mismo valor en la confirmación de contraseña&quot;)&#10;public void ingresoElMismoValorEnLaConfirmaciónDeContraseña() {&#10;    // Write code here that turns the phrase above into concrete actions&#10;    throw new io.cucumber.java.PendingException();&#10;}&#10;@When(&quot;envio el formulario&quot;)&#10;public void envioElFormulario() {&#10;    // Write code here that turns the phrase above into concrete actions&#10;    throw new io.cucumber.java.PendingException();&#10;}&#10;@Then(&quot;debo ver un mensaje {string}&quot;)&#10;public void deboVerUnMensaje(String string) {&#10;    // Write code here that turns the phrase above into concrete actions&#10;    throw new io.cucumber.java.PendingException();&#10;}&#10;" type="io.cucumber.junit.UndefinedStepException">io.cucumber.junit.UndefinedStepException: The step 'Estoy en la pagina de registro' and 4 other step(s) are undefined.
You can implement these steps using the snippet(s) below:

@Given(&quot;Estoy en la pagina de registro&quot;)
public void estoyEnLaPaginaDeRegistro() {
    // Write code here that turns the phrase above into concrete actions
    throw new io.cucumber.java.PendingException();
}
@When(&quot;Ingreso una contraseña {string}&quot;)
public void ingresoUnaContraseña(String string) {
    // Write code here that turns the phrase above into concrete actions
    throw new io.cucumber.java.PendingException();
}
@When(&quot;ingreso el mismo valor en la confirmación de contraseña&quot;)
public void ingresoElMismoValorEnLaConfirmaciónDeContraseña() {
    // Write code here that turns the phrase above into concrete actions
    throw new io.cucumber.java.PendingException();
}
@When(&quot;envio el formulario&quot;)
public void envioElFormulario() {
    // Write code here that turns the phrase above into concrete actions
    throw new io.cucumber.java.PendingException();
}
@Then(&quot;debo ver un mensaje {string}&quot;)
public void deboVerUnMensaje(String string) {
    // Write code here that turns the phrase above into concrete actions
    throw new io.cucumber.java.PendingException();
}

</failure>
  </testcase>
  <system-out><![CDATA[]]></system-out>
  <system-err><![CDATA[[Test worker] INFO  - 
  _____   ___   ___   _____     ___   _____     _     ___   _____   ___   ___  
 |_   _| | __| / __| |_   _|   / __| |_   _|   /_\   | _ \ |_   _| | __| |   \ 
   | |   | _|  \__ \   | |     \__ \   | |    / _ \  |   /   | |   | _|  | |) |
   |_|   |___| |___/   |_|     |___/   |_|   /_/ \_\ |_|_\   |_|   |___| |___/ 

Registro exitoso de un nuevo usuario(registrar-un-nuevo-usuario-en-la-aplicación;registro-exitoso-de-un-nuevo-usuario)
--------------------------------------------------------------------------------
[Test worker] INFO  - ?[96m
  _____   ___   ___   _____     ___   ___   _  _   ___    ___   _  _    ___ 
 |_   _| | __| / __| |_   _|   | _ \ | __| | \| | |   \  |_ _| | \| |  / __|
   | |   | _|  \__ \   | |     |  _/ | _|  | .` | | |) |  | |  | .` | | (_ |
   |_|   |___| |___/   |_|     |_|   |___| |_|\_| |___/  |___| |_|\_|  \___|

Registro exitoso de un nuevo usuario
-----------------------------------------------------------------------------?[0m
[Test worker] INFO  - 
  _____   ___   ___   _____     ___   _____     _     ___   _____   ___   ___  
 |_   _| | __| / __| |_   _|   / __| |_   _|   /_\   | _ \ |_   _| | __| |   \ 
   | |   | _|  \__ \   | |     \__ \   | |    / _ \  |   /   | |   | _|  | |) |
   |_|   |___| |___/   |_|     |___/   |_|   /_/ \_\ |_|_\   |_|   |___| |___/ 

Registro fallido por correo electrónico ya registrado(registrar-un-nuevo-usuario-en-la-aplicación;registro-fallido-por-correo-electrónico-ya-registrado)
--------------------------------------------------------------------------------
[Test worker] INFO  - ?[96m
  _____   ___   ___   _____     ___   ___   _  _   ___    ___   _  _    ___ 
 |_   _| | __| / __| |_   _|   | _ \ | __| | \| | |   \  |_ _| | \| |  / __|
   | |   | _|  \__ \   | |     |  _/ | _|  | .` | | |) |  | |  | .` | | (_ |
   |_|   |___| |___/   |_|     |_|   |___| |_|\_| |___/  |___| |_|\_|  \___|

Registro fallido por correo electrónico ya registrado
-----------------------------------------------------------------------------?[0m
[Test worker] INFO  - 
  _____   ___   ___   _____     ___   _____     _     ___   _____   ___   ___  
 |_   _| | __| / __| |_   _|   / __| |_   _|   /_\   | _ \ |_   _| | __| |   \ 
   | |   | _|  \__ \   | |     \__ \   | |    / _ \  |   /   | |   | _|  | |) |
   |_|   |___| |___/   |_|     |___/   |_|   /_/ \_\ |_|_\   |_|   |___| |___/ 

Validacion de contraseñas diferentes(registrar-un-nuevo-usuario-en-la-aplicación;validacion-de-contraseñas-diferentes)
--------------------------------------------------------------------------------
[Test worker] INFO  - ?[96m
  _____   ___   ___   _____     ___   ___   _  _   ___    ___   _  _    ___ 
 |_   _| | __| / __| |_   _|   | _ \ | __| | \| | |   \  |_ _| | \| |  / __|
   | |   | _|  \__ \   | |     |  _/ | _|  | .` | | |) |  | |  | .` | | (_ |
   |_|   |___| |___/   |_|     |_|   |___| |_|\_| |___/  |___| |_|\_|  \___|

Validacion de contraseñas diferentes
-----------------------------------------------------------------------------?[0m
[Test worker] INFO  - 
  _____   ___   ___   _____     ___   _____     _     ___   _____   ___   ___  
 |_   _| | __| / __| |_   _|   / __| |_   _|   /_\   | _ \ |_   _| | __| |   \ 
   | |   | _|  \__ \   | |     \__ \   | |    / _ \  |   /   | |   | _|  | |) |
   |_|   |___| |___/   |_|     |___/   |_|   /_/ \_\ |_|_\   |_|   |___| |___/ 

Validacion de reglas de contraseña(registrar-un-nuevo-usuario-en-la-aplicación;validacion-de-reglas-de-contraseña)
--------------------------------------------------------------------------------
[Test worker] INFO  - ?[96m
  _____   ___   ___   _____     ___   ___   _  _   ___    ___   _  _    ___ 
 |_   _| | __| / __| |_   _|   | _ \ | __| | \| | |   \  |_ _| | \| |  / __|
   | |   | _|  \__ \   | |     |  _/ | _|  | .` | | |) |  | |  | .` | | (_ |
   |_|   |___| |___/   |_|     |_|   |___| |_|\_| |___/  |___| |_|\_|  \___|

Validacion de reglas de contraseña
-----------------------------------------------------------------------------?[0m
[Test worker] INFO  - ?[96m
  _____   ___   ___   _____     ___   ___   _  _   ___    ___   _  _    ___ 
 |_   _| | __| / __| |_   _|   | _ \ | __| | \| | |   \  |_ _| | \| |  / __|
   | |   | _|  \__ \   | |     |  _/ | _|  | .` | | |) |  | |  | .` | | (_ |
   |_|   |___| |___/   |_|     |_|   |___| |_|\_| |___/  |___| |_|\_|  \___|

Validacion de reglas de contraseña
-----------------------------------------------------------------------------?[0m
]]></system-err>
</testsuite>
